Using pre-set license
Built from '2020.3/staging' branch; Version is '2020.3.18f1 (a7d1c678663c) revision 10998214'; Using compiler version '192528614'; Build Type 'Release'
OS: 'Windows 10 Home; OS build 19043.1348; Version 2009; 64bit' Language: 'en' Physical Memory: 16269 MB
BatchMode: 1, IsHumanControllingUs: 0, StartBugReporterOnCrash: 0, Is64bit: 1, IsPro: 0

COMMAND LINE ARGUMENTS:
C:\Program Files\Unity\Hub\Editor\2020.3.18f1\Editor\Unity.exe
-adb2
-batchMode
-noUpm
-name
AssetImportWorker0
-projectPath
C:/Users/epicLeo2101/OneDrive/Desktop/GitHub   backup files/3d-beginner/Hide N Seek 3D project
-logFile
Logs/AssetImportWorker0.log
-srvPort
61050
Successfully changed project path to: C:/Users/epicLeo2101/OneDrive/Desktop/GitHub   backup files/3d-beginner/Hide N Seek 3D project
C:/Users/epicLeo2101/OneDrive/Desktop/GitHub   backup files/3d-beginner/Hide N Seek 3D project
Using Asset Import Pipeline V2.
Refreshing native plugins compatible for Editor in 39.79 ms, found 2 plugins.
Preloading 0 native plugins for Editor in 0.00 ms.
Initialize engine version: 2020.3.18f1 (a7d1c678663c)
[Subsystems] Discovering subsystems at path C:/Program Files/Unity/Hub/Editor/2020.3.18f1/Editor/Data/Resources/UnitySubsystems
[Subsystems] Discovering subsystems at path C:/Users/epicLeo2101/OneDrive/Desktop/GitHub   backup files/3d-beginner/Hide N Seek 3D project/Assets
GfxDevice: creating device client; threaded=0
Direct3D:
    Version:  Direct3D 11.0 [level 11.1]
    Renderer: NVIDIA GeForce GTX 1060 (ID=0x1c20)
    Vendor:   
    VRAM:     6052 MB
    Driver:   27.21.14.6089
Initialize mono
Mono path[0] = 'C:/Program Files/Unity/Hub/Editor/2020.3.18f1/Editor/Data/Managed'
Mono path[1] = 'C:/Program Files/Unity/Hub/Editor/2020.3.18f1/Editor/Data/MonoBleedingEdge/lib/mono/unityjit'
Mono config path = 'C:/Program Files/Unity/Hub/Editor/2020.3.18f1/Editor/Data/MonoBleedingEdge/etc'
Using monoOptions --debugger-agent=transport=dt_socket,embedding=1,server=y,suspend=n,address=127.0.0.1:56540
Begin MonoManager ReloadAssembly
Registering precompiled unity dll's ...
Register platform support module: C:/Program Files/Unity/Hub/Editor/2020.3.18f1/Editor/Data/PlaybackEngines/WebGLSupport/UnityEditor.WebGL.Extensions.dll
Register platform support module: C:/Program Files/Unity/Hub/Editor/2020.3.18f1/Editor/Data/PlaybackEngines/WindowsStandaloneSupport/UnityEditor.WindowsStandalone.Extensions.dll
Registered in 0.003164 seconds.
Native extension for WindowsStandalone target not found
Native extension for WebGL target not found
Refreshing native plugins compatible for Editor in 42.67 ms, found 2 plugins.
Preloading 0 native plugins for Editor in 0.00 ms.
Mono: successfully reloaded assembly
- Completed reload, in  1.368 seconds
Domain Reload Profiling:
	ReloadAssembly (1368ms)
		BeginReloadAssembly (60ms)
			ExecutionOrderSort (0ms)
			DisableScriptedObjects (0ms)
			BackupInstance (0ms)
			ReleaseScriptingObjects (0ms)
			CreateAndSetChildDomain (1ms)
		EndReloadAssembly (467ms)
			LoadAssemblies (57ms)
			RebuildTransferFunctionScriptingTraits (0ms)
			SetupTypeCache (170ms)
			ReleaseScriptCaches (0ms)
			RebuildScriptCaches (33ms)
			SetupLoadedEditorAssemblies (178ms)
				LogAssemblyErrors (0ms)
				InitializePlatformSupportModulesInManaged (5ms)
				SetLoadedEditorAssemblies (0ms)
				RefreshPlugins (43ms)
				BeforeProcessingInitializeOnLoad (17ms)
				ProcessInitializeOnLoadAttributes (78ms)
				ProcessInitializeOnLoadMethodAttributes (34ms)
				AfterProcessingInitializeOnLoad (0ms)
				EditorAssembliesLoaded (0ms)
			ExecutionOrderSort2 (0ms)
			AwakeInstancesAfterBackupRestoration (0ms)
Platform modules already initialized, skipping
Registering precompiled user dll's ...
Registered in 0.004310 seconds.
Begin MonoManager ReloadAssembly
Native extension for WindowsStandalone target not found
Native extension for WebGL target not found
Refreshing native plugins compatible for Editor in 0.37 ms, found 2 plugins.
Preloading 0 native plugins for Editor in 0.00 ms.
Mono: successfully reloaded assembly
- Completed reload, in  1.180 seconds
Domain Reload Profiling:
	ReloadAssembly (1181ms)
		BeginReloadAssembly (162ms)
			ExecutionOrderSort (0ms)
			DisableScriptedObjects (4ms)
			BackupInstance (0ms)
			ReleaseScriptingObjects (0ms)
			CreateAndSetChildDomain (21ms)
		EndReloadAssembly (948ms)
			LoadAssemblies (98ms)
			RebuildTransferFunctionScriptingTraits (0ms)
			SetupTypeCache (320ms)
			ReleaseScriptCaches (1ms)
			RebuildScriptCaches (54ms)
			SetupLoadedEditorAssemblies (368ms)
				LogAssemblyErrors (0ms)
				InitializePlatformSupportModulesInManaged (7ms)
				SetLoadedEditorAssemblies (0ms)
				RefreshPlugins (1ms)
				BeforeProcessingInitializeOnLoad (90ms)
				ProcessInitializeOnLoadAttributes (258ms)
				ProcessInitializeOnLoadMethodAttributes (4ms)
				AfterProcessingInitializeOnLoad (9ms)
				EditorAssembliesLoaded (0ms)
			ExecutionOrderSort2 (0ms)
			AwakeInstancesAfterBackupRestoration (8ms)
Platform modules already initialized, skipping
========================================================================
Worker process is ready to serve import requests
Launched and connected shader compiler UnityShaderCompiler.exe after 0.14 seconds
Refreshing native plugins compatible for Editor in 0.37 ms, found 2 plugins.
Preloading 0 native plugins for Editor in 0.00 ms.
Unloading 1673 Unused Serialized files (Serialized files now loaded: 0)
System memory in use before: 153.9 MB.
System memory in use after: 154.0 MB.

Unloading 17 unused Assets to reduce memory usage. Loaded Objects now: 2114.
Total: 3.047100 ms (FindLiveObjects: 0.145000 ms CreateObjectMapping: 0.054800 ms MarkObjects: 2.739900 ms  DeleteObjects: 0.106400 ms)

AssetImportParameters requested are different than current active one (requested -> active):
  custom:framework-win-MediaFoundation: 216162199b28c13a410421893ffa2e32 -> 
  custom:video-decoder-ogg-theora: a1e56fd34408186e4bbccfd4996cb3dc -> 
  custom:container-muxer-webm: aa71ff27fc2769a1b78a27578f13a17b -> 
  custom:container-demuxer-webm: 4f35f7cbe854078d1ac9338744f61a02 -> 
  custom:container-demuxer-ogg: 62fdf1f143b41e24485cea50d1cbac27 -> 
  custom:video-encoder-webm-vp8: eb34c28f22e8b96e1ab97ce403110664 -> 
  custom:video-decoder-webm-vp8: 9c59270c3fd7afecdb556c50c9e8de78 -> 
  custom:audio-decoder-ogg-vorbis: bf7c407c2cedff20999df2af8eb42d56 -> 
  custom:audio-encoder-webm-vorbis: bf7c407c2cedff20999df2af8eb42d56 -> 
========================================================================
Received Import Request.
  path: Assets/Prefabs/Gargoyle.prefab
  artifactKey: Guid(549b715b9481d4145a644950d9c2e2a2) Importer(815301076,1909f56bfc062723c751e8b465ee728b)
Start importing Assets/Prefabs/Gargoyle.prefab using Guid(549b715b9481d4145a644950d9c2e2a2) Importer(815301076,1909f56bfc062723c751e8b465ee728b)  -> (artifact id: 'c3dec4cfc8fd7cd977487b9472314deb') in 0.176617 seconds 
  Import took 0.181803 seconds .

========================================================================
Received Import Request.
  Time since last request: 45.681042 seconds.
  path: Assets/Prefabs/Ghost.prefab
  artifactKey: Guid(ce51247305fee6a4cbbcb2d8de6ded0a) Importer(815301076,1909f56bfc062723c751e8b465ee728b)
Start importing Assets/Prefabs/Ghost.prefab using Guid(ce51247305fee6a4cbbcb2d8de6ded0a) Importer(815301076,1909f56bfc062723c751e8b465ee728b)  -> (artifact id: '29e662114c88e6a6d6f3b320d802a449') in 0.033909 seconds 
  Import took 0.038281 seconds .

========================================================================
Received Import Request.
  Time since last request: 0.015895 seconds.
  path: Assets/Prefabs/Ghost.prefab
  artifactKey: Guid(ce51247305fee6a4cbbcb2d8de6ded0a) Importer(815301076,1909f56bfc062723c751e8b465ee728b)
Start importing Assets/Prefabs/Ghost.prefab using Guid(ce51247305fee6a4cbbcb2d8de6ded0a) Importer(815301076,1909f56bfc062723c751e8b465ee728b)  -> (artifact id: '29e662114c88e6a6d6f3b320d802a449') in 0.020685 seconds 
  Import took 0.024374 seconds .

========================================================================
Received Import Request.
  Time since last request: 86.407742 seconds.
  path: Assets/Animation/Animators/Ghost shower.controller
  artifactKey: Guid(a9911f9d0fa26654d945bb375ef95302) Importer(815301076,1909f56bfc062723c751e8b465ee728b)
Start importing Assets/Animation/Animators/Ghost shower.controller using Guid(a9911f9d0fa26654d945bb375ef95302) Importer(815301076,1909f56bfc062723c751e8b465ee728b)  -> (artifact id: 'e43ba5c5ae15cbdb676711cfd6db5a0d') in 0.015229 seconds 
  Import took 0.019809 seconds .

========================================================================
Received Import Request.
  Time since last request: 5.652305 seconds.
  path: Assets/Animation/Animators/Gargoyle.controller
  artifactKey: Guid(871b2e16dc652f5459d8be680249136e) Importer(815301076,1909f56bfc062723c751e8b465ee728b)
Start importing Assets/Animation/Animators/Gargoyle.controller using Guid(871b2e16dc652f5459d8be680249136e) Importer(815301076,1909f56bfc062723c751e8b465ee728b)  -> (artifact id: 'cde110c09f1407ab9272a1d0b6c38e80') in 0.015808 seconds 
  Import took 0.020158 seconds .

========================================================================
Received Import Request.
  Time since last request: 0.001034 seconds.
  path: Assets/Animation/Animators/Gargoyle.controller
  artifactKey: Guid(871b2e16dc652f5459d8be680249136e) Importer(815301076,1909f56bfc062723c751e8b465ee728b)
Start importing Assets/Animation/Animators/Gargoyle.controller using Guid(871b2e16dc652f5459d8be680249136e) Importer(815301076,1909f56bfc062723c751e8b465ee728b)  -> (artifact id: 'cde110c09f1407ab9272a1d0b6c38e80') in 0.015257 seconds 
  Import took 0.018415 seconds .

========================================================================
Received Import Request.
  Time since last request: 30.679170 seconds.
  path: Assets/Animation/Animators/Ghost.controller
  artifactKey: Guid(e482ac1219ba2f3478079c2408f15cff) Importer(815301076,1909f56bfc062723c751e8b465ee728b)
Start importing Assets/Animation/Animators/Ghost.controller using Guid(e482ac1219ba2f3478079c2408f15cff) Importer(815301076,1909f56bfc062723c751e8b465ee728b)  -> (artifact id: '1752a443316e5f50f001742f8347446e') in 0.003756 seconds 
  Import took 0.008087 seconds .

========================================================================
Received Import Request.
  Time since last request: 399.434124 seconds.
  path: Assets/Prefabs/Ghost.prefab
  artifactKey: Guid(ce51247305fee6a4cbbcb2d8de6ded0a) Importer(815301076,1909f56bfc062723c751e8b465ee728b)
Start importing Assets/Prefabs/Ghost.prefab using Guid(ce51247305fee6a4cbbcb2d8de6ded0a) Importer(815301076,1909f56bfc062723c751e8b465ee728b)  -> (artifact id: '7fbbcdfbe5c18a28ef52c4326904e45a') in 0.026535 seconds 
  Import took 0.030442 seconds .

========================================================================
Received Import Request.
  Time since last request: 97.953678 seconds.
  path: Assets/Prefabs/PointOfView.prefab
  artifactKey: Guid(96fb60ee9f7f3eb4585e8c43bcbdb4b5) Importer(815301076,1909f56bfc062723c751e8b465ee728b)
Start importing Assets/Prefabs/PointOfView.prefab using Guid(96fb60ee9f7f3eb4585e8c43bcbdb4b5) Importer(815301076,1909f56bfc062723c751e8b465ee728b)  -> (artifact id: '6d54a4ce00b3927a80ec30df243ff203') in 0.012423 seconds 
  Import took 0.017070 seconds .

========================================================================
Received Import Request.
  Time since last request: 0.031066 seconds.
  path: Assets/Prefabs/PointOfView.prefab
  artifactKey: Guid(96fb60ee9f7f3eb4585e8c43bcbdb4b5) Importer(815301076,1909f56bfc062723c751e8b465ee728b)
Start importing Assets/Prefabs/PointOfView.prefab using Guid(96fb60ee9f7f3eb4585e8c43bcbdb4b5) Importer(815301076,1909f56bfc062723c751e8b465ee728b)  -> (artifact id: '6d54a4ce00b3927a80ec30df243ff203') in 0.005753 seconds 
  Import took 0.008836 seconds .

========================================================================
Received Import Request.
  Time since last request: 0.140156 seconds.
  path: Assets/Prefabs/Gargoyle.prefab
  artifactKey: Guid(549b715b9481d4145a644950d9c2e2a2) Importer(815301076,1909f56bfc062723c751e8b465ee728b)
Start importing Assets/Prefabs/Gargoyle.prefab using Guid(549b715b9481d4145a644950d9c2e2a2) Importer(815301076,1909f56bfc062723c751e8b465ee728b)  -> (artifact id: '30e15c4bf3b74629145efee60cd15087') in 0.036393 seconds 
  Import took 0.041818 seconds .

========================================================================
Received Import Request.
  Time since last request: 96.021291 seconds.
  path: Assets/Prefabs/Ghost.prefab
  artifactKey: Guid(ce51247305fee6a4cbbcb2d8de6ded0a) Importer(815301076,1909f56bfc062723c751e8b465ee728b)
Start importing Assets/Prefabs/Ghost.prefab using Guid(ce51247305fee6a4cbbcb2d8de6ded0a) Importer(815301076,1909f56bfc062723c751e8b465ee728b)  -> (artifact id: 'ecda5de44f480c88cba5a56e2a1572d1') in 0.020990 seconds 
  Import took 0.025158 seconds .

========================================================================
Received Import Request.
  Time since last request: 31.185443 seconds.
  path: Assets/Prefabs/Ghost.prefab
  artifactKey: Guid(ce51247305fee6a4cbbcb2d8de6ded0a) Importer(815301076,1909f56bfc062723c751e8b465ee728b)
Start importing Assets/Prefabs/Ghost.prefab using Guid(ce51247305fee6a4cbbcb2d8de6ded0a) Importer(815301076,1909f56bfc062723c751e8b465ee728b)  -> (artifact id: '3a432f90d0562e03dad136af31c8ccb6') in 0.019847 seconds 
  Import took 0.023411 seconds .

========================================================================
Received Import Request.
  Time since last request: 32.079380 seconds.
  path: Assets/Prefabs/Ghost.prefab
  artifactKey: Guid(ce51247305fee6a4cbbcb2d8de6ded0a) Importer(815301076,1909f56bfc062723c751e8b465ee728b)
Start importing Assets/Prefabs/Ghost.prefab using Guid(ce51247305fee6a4cbbcb2d8de6ded0a) Importer(815301076,1909f56bfc062723c751e8b465ee728b)  -> (artifact id: '2875488604971fda7a45a0f59fe491a4') in 0.019999 seconds 
  Import took 0.024587 seconds .

========================================================================
Received Import Request.
  Time since last request: 47.146402 seconds.
  path: Assets/Prefabs/Ghost.prefab
  artifactKey: Guid(ce51247305fee6a4cbbcb2d8de6ded0a) Importer(815301076,1909f56bfc062723c751e8b465ee728b)
Start importing Assets/Prefabs/Ghost.prefab using Guid(ce51247305fee6a4cbbcb2d8de6ded0a) Importer(815301076,1909f56bfc062723c751e8b465ee728b)  -> (artifact id: 'a305cc7ba19f9b10c0eaf0830bf0955a') in 0.035091 seconds 
  Import took 0.039899 seconds .

========================================================================
Received Import Request.
  Time since last request: 30.379365 seconds.
  path: Assets/Prefabs/Ghost.prefab
  artifactKey: Guid(ce51247305fee6a4cbbcb2d8de6ded0a) Importer(815301076,1909f56bfc062723c751e8b465ee728b)
Start importing Assets/Prefabs/Ghost.prefab using Guid(ce51247305fee6a4cbbcb2d8de6ded0a) Importer(815301076,1909f56bfc062723c751e8b465ee728b)  -> (artifact id: '8839f583b8e5d7689435e5d6860ae764') in 0.019844 seconds 
  Import took 0.023854 seconds .

========================================================================
Received Import Request.
  Time since last request: 41.989719 seconds.
  path: Assets/Prefabs/Ghost.prefab
  artifactKey: Guid(ce51247305fee6a4cbbcb2d8de6ded0a) Importer(815301076,1909f56bfc062723c751e8b465ee728b)
Start importing Assets/Prefabs/Ghost.prefab using Guid(ce51247305fee6a4cbbcb2d8de6ded0a) Importer(815301076,1909f56bfc062723c751e8b465ee728b)  -> (artifact id: '64f5f555dce83511d8f28b4cf8e8f5dd') in 0.022314 seconds 
  Import took 0.026922 seconds .

========================================================================
Received Import Request.
  Time since last request: 10.770509 seconds.
  path: Assets/Prefabs/Ghost.prefab
  artifactKey: Guid(ce51247305fee6a4cbbcb2d8de6ded0a) Importer(815301076,1909f56bfc062723c751e8b465ee728b)
Start importing Assets/Prefabs/Ghost.prefab using Guid(ce51247305fee6a4cbbcb2d8de6ded0a) Importer(815301076,1909f56bfc062723c751e8b465ee728b)  -> (artifact id: '37e1d809ed8d141870838e9ec9122d16') in 0.019734 seconds 
  Import took 0.023358 seconds .

========================================================================
Received Import Request.
  Time since last request: 15.103577 seconds.
  path: Assets/Prefabs/Ghost.prefab
  artifactKey: Guid(ce51247305fee6a4cbbcb2d8de6ded0a) Importer(815301076,1909f56bfc062723c751e8b465ee728b)
Start importing Assets/Prefabs/Ghost.prefab using Guid(ce51247305fee6a4cbbcb2d8de6ded0a) Importer(815301076,1909f56bfc062723c751e8b465ee728b)  -> (artifact id: '8cf141695058f339b541d44cc08b0ebe') in 0.019881 seconds 
  Import took 0.023636 seconds .

========================================================================
Received Import Request.
  Time since last request: 38.759098 seconds.
  path: Assets/Scripts/WaypointPatrol.cs
  artifactKey: Guid(80dba795c04486b4993d642f4fdbd597) Importer(815301076,1909f56bfc062723c751e8b465ee728b)
Start importing Assets/Scripts/WaypointPatrol.cs using Guid(80dba795c04486b4993d642f4fdbd597) Importer(815301076,1909f56bfc062723c751e8b465ee728b)  -> (artifact id: '9b4ad452493d5c8a05e482cf55387b89') in 0.015631 seconds 
  Import took 0.019631 seconds .

========================================================================
Received Import Request.
  Time since last request: 131.335619 seconds.
  path: Assets/Scripts/WaypointPatrol.cs
  artifactKey: Guid(80dba795c04486b4993d642f4fdbd597) Importer(815301076,1909f56bfc062723c751e8b465ee728b)
Start importing Assets/Scripts/WaypointPatrol.cs using Guid(80dba795c04486b4993d642f4fdbd597) Importer(815301076,1909f56bfc062723c751e8b465ee728b)  -> (artifact id: '64cc2598b8cb8f178ef37e089b7878ec') in 0.005234 seconds 
  Import took 0.009161 seconds .

========================================================================
Received Prepare
Registering precompiled user dll's ...
Registered in 0.003445 seconds.
Begin MonoManager ReloadAssembly
Native extension for WindowsStandalone target not found
Native extension for WebGL target not found
Refreshing native plugins compatible for Editor in 0.40 ms, found 2 plugins.
Preloading 0 native plugins for Editor in 0.00 ms.
Mono: successfully reloaded assembly
- Completed reload, in  1.248 seconds
Domain Reload Profiling:
	ReloadAssembly (1248ms)
		BeginReloadAssembly (127ms)
			ExecutionOrderSort (0ms)
			DisableScriptedObjects (4ms)
			BackupInstance (0ms)
			ReleaseScriptingObjects (0ms)
			CreateAndSetChildDomain (43ms)
		EndReloadAssembly (1031ms)
			LoadAssemblies (117ms)
			RebuildTransferFunctionScriptingTraits (0ms)
			SetupTypeCache (382ms)
			ReleaseScriptCaches (1ms)
			RebuildScriptCaches (54ms)
			SetupLoadedEditorAssemblies (348ms)
				LogAssemblyErrors (0ms)
				InitializePlatformSupportModulesInManaged (8ms)
				SetLoadedEditorAssemblies (0ms)
				RefreshPlugins (0ms)
				BeforeProcessingInitializeOnLoad (85ms)
				ProcessInitializeOnLoadAttributes (243ms)
				ProcessInitializeOnLoadMethodAttributes (3ms)
				AfterProcessingInitializeOnLoad (8ms)
				EditorAssembliesLoaded (0ms)
			ExecutionOrderSort2 (0ms)
			AwakeInstancesAfterBackupRestoration (7ms)
Platform modules already initialized, skipping
Refreshing native plugins compatible for Editor in 0.38 ms, found 2 plugins.
Preloading 0 native plugins for Editor in 0.00 ms.
Unloading 1636 Unused Serialized files (Serialized files now loaded: 0)
System memory in use before: 153.9 MB.
System memory in use after: 154.0 MB.

Unloading 12 unused Assets to reduce memory usage. Loaded Objects now: 2124.
Total: 2.694200 ms (FindLiveObjects: 0.147300 ms CreateObjectMapping: 0.054500 ms MarkObjects: 2.476800 ms  DeleteObjects: 0.015000 ms)

AssetImportParameters requested are different than current active one (requested -> active):
  custom:framework-win-MediaFoundation: 216162199b28c13a410421893ffa2e32 -> 
  custom:video-decoder-ogg-theora: a1e56fd34408186e4bbccfd4996cb3dc -> 
  custom:container-muxer-webm: aa71ff27fc2769a1b78a27578f13a17b -> 
  custom:container-demuxer-webm: 4f35f7cbe854078d1ac9338744f61a02 -> 
  custom:container-demuxer-ogg: 62fdf1f143b41e24485cea50d1cbac27 -> 
  custom:video-encoder-webm-vp8: eb34c28f22e8b96e1ab97ce403110664 -> 
  custom:video-decoder-webm-vp8: 9c59270c3fd7afecdb556c50c9e8de78 -> 
  custom:audio-decoder-ogg-vorbis: bf7c407c2cedff20999df2af8eb42d56 -> 
  custom:audio-encoder-webm-vorbis: bf7c407c2cedff20999df2af8eb42d56 -> 
========================================================================
Received Import Request.
  Time since last request: 163.926208 seconds.
  path: Assets/Scripts/LightFlicker.cs
  artifactKey: Guid(24a255a6b0082bd429262fb040110f12) Importer(815301076,1909f56bfc062723c751e8b465ee728b)
Start importing Assets/Scripts/LightFlicker.cs using Guid(24a255a6b0082bd429262fb040110f12) Importer(815301076,1909f56bfc062723c751e8b465ee728b)  -> (artifact id: '3a831f55ca5b02da0534cd9538828ff3') in 0.014190 seconds 
  Import took 0.019113 seconds .

========================================================================
Received Import Request.
  Time since last request: 1.506823 seconds.
  path: Assets/Scripts/GameEnding.cs
  artifactKey: Guid(fa63394df4d463640939f2b0265e6bf4) Importer(815301076,1909f56bfc062723c751e8b465ee728b)
Start importing Assets/Scripts/GameEnding.cs using Guid(fa63394df4d463640939f2b0265e6bf4) Importer(815301076,1909f56bfc062723c751e8b465ee728b)  -> (artifact id: '972e0232b3c0df1941d6dbce3ecd93e5') in 0.009065 seconds 
  Import took 0.013008 seconds .

AssetImportWorkerClient::OnTransportError - code=2 error=End of file
